have_header: checking for unistd.h... -------------------- yes

"gcc -o conftest -I/home/victorraffaele/.rvm/rubies/ruby-2.3.3/include/ruby-2.3.0/x86_64-linux -I/home/victorraffaele/.rvm/rubies/ruby-2.3.3/include/ruby-2.3.0/ruby/backward -I/home/victorraffaele/.rvm/rubies/ruby-2.3.3/include/ruby-2.3.0 -I.     -O3 -fno-fast-math -ggdb3 -Wall -Wextra -Wno-unused-parameter -Wno-parentheses -Wno-long-long -Wno-missing-field-initializers -Wunused-variable -Wpointer-arith -Wwrite-strings -Wdeclaration-after-statement -Wimplicit-function-declaration -Wdeprecated-declarations -Wno-packed-bitfield-compat  -fPIC conftest.c  -L. -L/home/victorraffaele/.rvm/rubies/ruby-2.3.3/lib -Wl,-R/home/victorraffaele/.rvm/rubies/ruby-2.3.3/lib -L. -fstack-protector -rdynamic -Wl,-export-dynamic     -Wl,-R/home/victorraffaele/.rvm/rubies/ruby-2.3.3/lib -L/home/victorraffaele/.rvm/rubies/ruby-2.3.3/lib -lruby  -lpthread -lgmp -ldl -lcrypt -lm   -lc"
checked program was:
/* begin */
1: #include "ruby.h"
2: 
3: int main(int argc, char **argv)
4: {
5:   return 0;
6: }
/* end */

"gcc -E -I/home/victorraffaele/.rvm/rubies/ruby-2.3.3/include/ruby-2.3.0/x86_64-linux -I/home/victorraffaele/.rvm/rubies/ruby-2.3.3/include/ruby-2.3.0/ruby/backward -I/home/victorraffaele/.rvm/rubies/ruby-2.3.3/include/ruby-2.3.0 -I.     -O3 -fno-fast-math -ggdb3 -Wall -Wextra -Wno-unused-parameter -Wno-parentheses -Wno-long-long -Wno-missing-field-initializers -Wunused-variable -Wpointer-arith -Wwrite-strings -Wdeclaration-after-statement -Wimplicit-function-declaration -Wdeprecated-declarations -Wno-packed-bitfield-compat  -fPIC  conftest.c -o conftest.i"
checked program was:
/* begin */
1: #include "ruby.h"
2: 
3: #include <unistd.h>
/* end */

--------------------

have_header: checking for sys/select.h... -------------------- yes

"gcc -E -I/home/victorraffaele/.rvm/rubies/ruby-2.3.3/include/ruby-2.3.0/x86_64-linux -I/home/victorraffaele/.rvm/rubies/ruby-2.3.3/include/ruby-2.3.0/ruby/backward -I/home/victorraffaele/.rvm/rubies/ruby-2.3.3/include/ruby-2.3.0 -I.     -O3 -fno-fast-math -ggdb3 -Wall -Wextra -Wno-unused-parameter -Wno-parentheses -Wno-long-long -Wno-missing-field-initializers -Wunused-variable -Wpointer-arith -Wwrite-strings -Wdeclaration-after-statement -Wimplicit-function-declaration -Wdeprecated-declarations -Wno-packed-bitfield-compat  -fPIC  conftest.c -o conftest.i"
checked program was:
/* begin */
1: #include "ruby.h"
2: 
3: #include <sys/select.h>
/* end */

--------------------

have_type: checking for port_event_t in poll.h... -------------------- no

"gcc -I/home/victorraffaele/.rvm/rubies/ruby-2.3.3/include/ruby-2.3.0/x86_64-linux -I/home/victorraffaele/.rvm/rubies/ruby-2.3.3/include/ruby-2.3.0/ruby/backward -I/home/victorraffaele/.rvm/rubies/ruby-2.3.3/include/ruby-2.3.0 -I.     -O3 -fno-fast-math -ggdb3 -Wall -Wextra -Wno-unused-parameter -Wno-parentheses -Wno-long-long -Wno-missing-field-initializers -Wunused-variable -Wpointer-arith -Wwrite-strings -Wdeclaration-after-statement -Wimplicit-function-declaration -Wdeprecated-declarations -Wno-packed-bitfield-compat  -fPIC   -c conftest.c"
conftest.c:6:9: error: unknown type name ‘port_event_t’
 typedef port_event_t conftest_type;
         ^~~~~~~~~~~~
checked program was:
/* begin */
1: #include "ruby.h"
2: 
3: #include <poll.h>
4: 
5: /*top*/
6: typedef port_event_t conftest_type;
7: int conftestval[sizeof(conftest_type)?1:-1];
/* end */

--------------------

have_header: checking for sys/epoll.h... -------------------- yes

"gcc -E -I/home/victorraffaele/.rvm/rubies/ruby-2.3.3/include/ruby-2.3.0/x86_64-linux -I/home/victorraffaele/.rvm/rubies/ruby-2.3.3/include/ruby-2.3.0/ruby/backward -I/home/victorraffaele/.rvm/rubies/ruby-2.3.3/include/ruby-2.3.0 -I.     -O3 -fno-fast-math -ggdb3 -Wall -Wextra -Wno-unused-parameter -Wno-parentheses -Wno-long-long -Wno-missing-field-initializers -Wunused-variable -Wpointer-arith -Wwrite-strings -Wdeclaration-after-statement -Wimplicit-function-declaration -Wdeprecated-declarations -Wno-packed-bitfield-compat  -fPIC  conftest.c -o conftest.i"
checked program was:
/* begin */
1: #include "ruby.h"
2: 
3: #include <sys/epoll.h>
/* end */

--------------------

have_header: checking for sys/event.h... -------------------- no

"gcc -E -I/home/victorraffaele/.rvm/rubies/ruby-2.3.3/include/ruby-2.3.0/x86_64-linux -I/home/victorraffaele/.rvm/rubies/ruby-2.3.3/include/ruby-2.3.0/ruby/backward -I/home/victorraffaele/.rvm/rubies/ruby-2.3.3/include/ruby-2.3.0 -I.     -O3 -fno-fast-math -ggdb3 -Wall -Wextra -Wno-unused-parameter -Wno-parentheses -Wno-long-long -Wno-missing-field-initializers -Wunused-variable -Wpointer-arith -Wwrite-strings -Wdeclaration-after-statement -Wimplicit-function-declaration -Wdeprecated-declarations -Wno-packed-bitfield-compat  -fPIC  conftest.c -o conftest.i"
conftest.c:3:10: fatal error: sys/event.h: Arquivo ou diretório inexistente
 #include <sys/event.h>
          ^~~~~~~~~~~~~
compilation terminated.
checked program was:
/* begin */
1: #include "ruby.h"
2: 
3: #include <sys/event.h>
/* end */

--------------------

have_type: checking for port_event_t in port.h... -------------------- no

"gcc -I/home/victorraffaele/.rvm/rubies/ruby-2.3.3/include/ruby-2.3.0/x86_64-linux -I/home/victorraffaele/.rvm/rubies/ruby-2.3.3/include/ruby-2.3.0/ruby/backward -I/home/victorraffaele/.rvm/rubies/ruby-2.3.3/include/ruby-2.3.0 -I.     -O3 -fno-fast-math -ggdb3 -Wall -Wextra -Wno-unused-parameter -Wno-parentheses -Wno-long-long -Wno-missing-field-initializers -Wunused-variable -Wpointer-arith -Wwrite-strings -Wdeclaration-after-statement -Wimplicit-function-declaration -Wdeprecated-declarations -Wno-packed-bitfield-compat  -fPIC   -c conftest.c"
conftest.c:3:10: fatal error: port.h: Arquivo ou diretório inexistente
 #include <port.h>
          ^~~~~~~~
compilation terminated.
checked program was:
/* begin */
1: #include "ruby.h"
2: 
3: #include <port.h>
4: 
5: /*top*/
6: typedef port_event_t conftest_type;
7: int conftestval[sizeof(conftest_type)?1:-1];
/* end */

--------------------

have_header: checking for sys/resource.h... -------------------- yes

"gcc -E -I/home/victorraffaele/.rvm/rubies/ruby-2.3.3/include/ruby-2.3.0/x86_64-linux -I/home/victorraffaele/.rvm/rubies/ruby-2.3.3/include/ruby-2.3.0/ruby/backward -I/home/victorraffaele/.rvm/rubies/ruby-2.3.3/include/ruby-2.3.0 -I.     -O3 -fno-fast-math -ggdb3 -Wall -Wextra -Wno-unused-parameter -Wno-parentheses -Wno-long-long -Wno-missing-field-initializers -Wunused-variable -Wpointer-arith -Wwrite-strings -Wdeclaration-after-statement -Wimplicit-function-declaration -Wdeprecated-declarations -Wno-packed-bitfield-compat  -fPIC  conftest.c -o conftest.i"
checked program was:
/* begin */
1: #include "ruby.h"
2: 
3: #include <sys/resource.h>
/* end */

--------------------

